2024-02-29 11:34:00 INFO  Main:35 - saved data reading
2024-02-29 11:34:00 INFO  Main:40 - application start
2024-02-29 11:34:01 INFO  Controller:74 - Main controller initializing
2024-02-29 11:34:11 INFO  NewEditController:89 - new/edit window initializing
2024-02-29 12:38:50 INFO  Main:35 - saved data reading
2024-02-29 12:38:50 INFO  Main:40 - application start
2024-02-29 12:38:51 INFO  Controller:74 - Main controller initializing
2024-03-27 16:19:34 INFO  Main:35 - saved data reading
2024-03-27 16:19:34 INFO  Main:40 - application start
2024-03-27 16:19:35 INFO  Controller:74 - Main controller initializing
2024-03-27 16:19:42 INFO  NewEditController:90 - new/edit window initializing
2024-03-27 16:37:37 INFO  Main:35 - saved data reading
2024-03-27 16:37:37 INFO  Main:40 - application start
2024-03-27 16:37:38 INFO  Controller:74 - Main controller initializing
2024-03-27 16:37:42 INFO  NewEditController:90 - new/edit window initializing
2024-03-27 16:37:48 ERROR TaskIO:79 - IO exception reading or writing file
2024-03-27 16:37:53 INFO  NewEditController:90 - new/edit window initializing
2024-03-27 16:37:59 ERROR TaskIO:79 - IO exception reading or writing file
2024-03-27 17:03:30 ERROR Task:41 - interval < than 1
2024-03-27 17:11:58 ERROR Task:37 - time below bound
2024-03-27 17:13:41 ERROR Task:37 - time below bound
2024-03-27 17:14:45 ERROR Task:37 - time below bound
2024-03-27 17:15:22 ERROR Task:37 - time below bound
2024-03-27 17:15:42 ERROR Task:37 - time below bound
2024-03-27 17:15:47 ERROR Task:37 - time below bound
2024-03-27 17:15:58 ERROR Task:37 - time below bound
2024-03-27 17:17:59 ERROR Task:37 - time below bound
2024-03-27 21:16:34 ERROR Task:37 - time below bound
2024-03-27 21:25:01 ERROR Task:37 - time below bound
2024-03-27 21:25:27 ERROR Task:37 - time below bound
2024-03-27 21:26:12 ERROR Task:37 - time below bound
2024-03-27 21:26:45 ERROR Task:37 - time below bound
2024-03-27 21:27:23 ERROR Task:37 - time below bound
2024-03-27 23:49:39 ERROR Task:41 - title not good
2024-03-27 23:49:39 ERROR Task:41 - title not good
2024-03-27 23:49:39 ERROR Task:41 - title not good
2024-03-27 23:51:08 ERROR Task:41 - title not good
2024-03-27 23:51:09 ERROR Task:41 - title not good
2024-03-27 23:51:09 ERROR Task:41 - title not good
2024-03-27 23:53:42 ERROR Task:41 - title not good
2024-03-27 23:53:42 ERROR Task:41 - title not good
2024-03-27 23:53:42 ERROR Task:37 - time below bound
2024-03-27 23:53:42 ERROR Task:41 - title not good
2024-03-27 23:54:11 ERROR Task:37 - time below bound
2024-03-27 23:54:11 ERROR Task:41 - title not good
2024-03-27 23:54:11 ERROR Task:41 - title not good
2024-03-27 23:54:11 ERROR Task:37 - time below bound
2024-03-27 23:54:11 ERROR Task:37 - time below bound
2024-03-27 23:54:11 ERROR Task:41 - title not good
2024-03-28 08:28:39 ERROR Task:37 - time below bound
2024-03-28 08:28:39 ERROR Task:41 - title not good
2024-03-28 08:28:39 ERROR Task:41 - title not good
2024-03-28 08:28:39 ERROR Task:37 - time below bound
2024-03-28 08:28:39 ERROR Task:37 - time below bound
2024-03-28 08:28:39 ERROR Task:41 - title not good
2024-04-10 16:24:27 ERROR Task:27 - time below bound
2024-04-10 16:24:27 ERROR Task:27 - time below bound
2024-04-13 18:40:21 ERROR Task:27 - time below bound
2024-04-13 18:40:21 ERROR Task:43 - title not good
2024-04-13 18:40:21 ERROR Task:39 - time below bound
2024-04-13 18:40:21 ERROR Task:39 - time below bound
2024-04-13 18:40:21 ERROR Task:47 - interval < than 1
2024-04-13 19:18:33 ERROR Task:48 - title not good
